<?xml version="1.0" encoding="UTF-8"?>
<!-- Generated by org.testng.reporters.JUnitReportReporter -->
<testsuite hostname="DESKTOP-1FJC9IP" failures="0" tests="1" name="JSON_API.JSON_API.AppTest" time="3.103" errors="0" timestamp="2022-08-15T15:00:06 IST" skipped="0">
  <testcase classname="JSON_API.JSON_API.AppTest" name="postComment" time="3.103"/>
  <system-out/>
</testsuite> <!-- JSON_API.JSON_API.AppTest -->
